-------------------------------------------------------------------------------
Test set: com.sigma.KOTSbackend.KotsBackendApplicationTests
-------------------------------------------------------------------------------
Tests run: 1, Failures: 0, Errors: 1, Skipped: 0, Time elapsed: 23.823 s <<< FAILURE! - in com.sigma.KOTSbackend.KotsBackendApplicationTests
contextLoads  Time elapsed: 0.002 s  <<< ERROR!
java.lang.IllegalStateException: Failed to load ApplicationContext
Caused by: org.springframework.beans.factory.BeanCreationException: Error creating bean with name 'liquibase' defined in class path resource [org/springframework/boot/autoconfigure/liquibase/LiquibaseAutoConfiguration$LiquibaseConfiguration.class]: Invocation of init method failed; nested exception is liquibase.exception.ChangeLogParseException: liquibase.exception.SetupException: Error parsing line 1 column 48 of classpath:db/changelog/sprint_1/KOTS-14_1_initDB.xml: cvc-elt.1.a : Déclaration de l'élément 'changeSet' introuvable.
Caused by: liquibase.exception.ChangeLogParseException: liquibase.exception.SetupException: Error parsing line 1 column 48 of classpath:db/changelog/sprint_1/KOTS-14_1_initDB.xml: cvc-elt.1.a : Déclaration de l'élément 'changeSet' introuvable.
Caused by: liquibase.exception.SetupException: Error parsing line 1 column 48 of classpath:db/changelog/sprint_1/KOTS-14_1_initDB.xml: cvc-elt.1.a : Déclaration de l'élément 'changeSet' introuvable.
Caused by: liquibase.exception.ChangeLogParseException: Error parsing line 1 column 48 of classpath:db/changelog/sprint_1/KOTS-14_1_initDB.xml: cvc-elt.1.a : Déclaration de l'élément 'changeSet' introuvable.
Caused by: org.xml.sax.SAXParseException: cvc-elt.1.a : Déclaration de l'élément 'changeSet' introuvable.

